current directory: /Users/yannakoun/Project/Visibleo/karibu-rb/karibu/.vendor/ruby/2.3.0/gems/msgpack-1.0.3/ext/msgpack
/Users/yannakoun/.rvm/rubies/ruby-2.3.0/bin/ruby -r ./siteconf20170314-67747-1yugpn1.rb extconf.rb
checking for ruby/st.h... yes
checking for st.h... yes
checking for rb_str_replace() in ruby.h... yes
checking for rb_intern_str() in ruby.h... yes
checking for rb_sym2str() in ruby.h... yes
checking for rb_str_intern() in ruby.h... yes
checking for rb_block_lambda() in ruby.h... yes
checking for rb_hash_dup() in ruby.h... yes
checking for rb_hash_clear() in ruby.h... yes
creating Makefile

To see why this extension failed to compile, please check the mkmf.log which can be found here:

  /Users/yannakoun/Project/Visibleo/karibu-rb/karibu/.vendor/ruby/2.3.0/extensions/x86_64-darwin-14/2.3.0/msgpack-1.0.3/mkmf.log

current directory: /Users/yannakoun/Project/Visibleo/karibu-rb/karibu/.vendor/ruby/2.3.0/gems/msgpack-1.0.3/ext/msgpack
make "DESTDIR=" clean

current directory: /Users/yannakoun/Project/Visibleo/karibu-rb/karibu/.vendor/ruby/2.3.0/gems/msgpack-1.0.3/ext/msgpack
make "DESTDIR="
compiling buffer.c
compiling buffer_class.c
compiling core_ext.c
core_ext.c:68:14: warning: unused function 'Integer_to_msgpack' [-Wunused-function]
static VALUE Integer_to_msgpack(int argc, VALUE* argv, VALUE self)
             ^
1 warning generated.
compiling extension_value_class.c
compiling factory_class.c
compiling packer.c
compiling packer_class.c
compiling packer_ext_registry.c
compiling rbinit.c
compiling rmem.c
compiling unpacker.c
compiling unpacker_class.c
unpacker_class.c:220:14: warning: unused function 'Unpacker_peek_next_type' [-Wunused-function]
static VALUE Unpacker_peek_next_type(VALUE self)
             ^
1 warning generated.
compiling unpacker_ext_registry.c
linking shared-object msgpack/msgpack.bundle

current directory: /Users/yannakoun/Project/Visibleo/karibu-rb/karibu/.vendor/ruby/2.3.0/gems/msgpack-1.0.3/ext/msgpack
make "DESTDIR=" install
/usr/bin/install -c -m 0755 msgpack.bundle ./.gem.20170314-67747-1c2zzbo/msgpack
